This file contains any messages produced by compilers while
running configure, to aid debugging if configure makes a mistake.

It was created by mult configure 1.0.0, which was
generated by GNU Autoconf 2.69.  Invocation command line was

  $ ./configure 

## --------- ##
## Platform. ##
## --------- ##

hostname = localhost.localdomain
uname -m = x86_64
uname -r = 3.10.0-1160.11.1.el7.x86_64
uname -s = Linux
uname -v = #1 SMP Fri Dec 18 16:34:56 UTC 2020

/usr/bin/uname -p = x86_64
/bin/uname -X     = unknown

/bin/arch              = x86_64
/usr/bin/arch -k       = unknown
/usr/convex/getsysinfo = unknown
/usr/bin/hostinfo      = unknown
/bin/machine           = unknown
/usr/bin/oslevel       = unknown
/bin/universe          = unknown

PATH: /usr/local/redhawk/core/bin/
PATH: /usr/local/redhawk/core/bin
PATH: /usr/local/bin
PATH: /usr/local/sbin
PATH: /usr/bin
PATH: /usr/sbin
PATH: /bin
PATH: /sbin
PATH: /home/cyient/.local/bin
PATH: /home/cyient/bin


## ----------- ##
## Core tests. ##
## ----------- ##

configure:1803: checking for a BSD-compatible install
configure:1871: result: /usr/bin/install -c
configure:1882: checking whether build environment is sane
configure:1937: result: yes
configure:2088: checking for a thread-safe mkdir -p
configure:2127: result: /usr/bin/mkdir -p
configure:2134: checking for gawk
configure:2150: found /usr/bin/gawk
configure:2161: result: gawk
configure:2172: checking whether make sets $(MAKE)
configure:2194: result: yes
configure:2223: checking whether make supports nested variables
configure:2240: result: yes
configure:2377: checking for pkg-config
configure:2395: found /usr/bin/pkg-config
configure:2407: result: /usr/bin/pkg-config
configure:2432: checking pkg-config is at least version 0.9.0
configure:2435: result: yes
configure:2446: checking for omniORB4
configure:2452: $PKG_CONFIG --exists --print-errors "omniORB4 >= 4.0.0"
configure:2455: $? = 0
configure:2462: result: yes
configure:2503: checking for ossie home
configure:2533: result: /usr/local/redhawk/core
configure:2540: checking to see ossie is installed
configure:2550: checking for sdr root
configure:2573: result: /var/redhawk/sdr
configure:2589: using /var/redhawk/sdr/ as installation prefix
configure:2629: checking for a Python interpreter with version >= 2.4
configure:2646: python -c import sys # split strings by '.' and convert to numeric. Append some zeros # because we need at least 4 digits for the hex conversion. # map returns an iterator in Python 3.0 and a list in 2.x minver = list(map(int, '2.4'.split('.'))) + [0, 0, 0] minverhex = 0 # xrange is not present in Python 3.0 and range returns an iterator for i in list(range(0, 4)): minverhex = (minverhex << 8) + minver[i] sys.exit(sys.hexversion < minverhex)
configure:2649: $? = 0
configure:2655: result: python
configure:2663: checking for python
configure:2681: found /usr/bin/python
configure:2693: result: /usr/bin/python
configure:2711: checking for python version
configure:2718: result: 2.7
configure:2730: checking for python platform
configure:2737: result: linux2
configure:2763: checking for python script directory
configure:2798: result: ${prefix}lib/python2.7/site-packages
configure:2807: checking for python extension module directory
configure:2842: result: ${exec_prefix}lib64/python2.7/site-packages
configure:2858: checking for OSSIE
configure:2866: $PKG_CONFIG --exists --print-errors "ossie >= 2.2"
configure:2869: $? = 0
configure:2884: $PKG_CONFIG --exists --print-errors "ossie >= 2.2"
configure:2887: $? = 0
configure:2942: result: yes
configure:2948: checking for python module ossie
configure:2963: result: yes
configure:2974: checking for OMNIORB
configure:2982: $PKG_CONFIG --exists --print-errors "omniORB4 >= 4.1.0"
configure:2985: $? = 0
configure:3000: $PKG_CONFIG --exists --print-errors "omniORB4 >= 4.1.0"
configure:3003: $? = 0
configure:3058: result: yes
configure:3064: checking for python module omniORB
configure:3079: result: yes
configure:3091: checking for bulkio
configure:3099: $PKG_CONFIG --exists --print-errors "bulkio >= 2.2"
configure:3102: $? = 0
configure:3117: $PKG_CONFIG --exists --print-errors "bulkio >= 2.2"
configure:3120: $? = 0
configure:3175: result: yes
configure:3181: checking for python module bulkio
configure:3196: result: yes
configure:3354: checking that generated files are newer than configure
configure:3360: result: done
configure:3368: creating ./config.status

## ---------------------- ##
## Running config.status. ##
## ---------------------- ##

This file was extended by mult config.status 1.0.0, which was
generated by GNU Autoconf 2.69.  Invocation command line was

  CONFIG_FILES    = 
  CONFIG_HEADERS  = 
  CONFIG_LINKS    = 
  CONFIG_COMMANDS = 
  $ ./config.status 

on localhost.localdomain

config.status:763: creating Makefile

## ---------------- ##
## Cache variables. ##
## ---------------- ##

ac_cv_corba_omniorb4=yes
ac_cv_env_OMNIORB_CFLAGS_set=
ac_cv_env_OMNIORB_CFLAGS_value=
ac_cv_env_OMNIORB_LIBS_set=
ac_cv_env_OMNIORB_LIBS_value=
ac_cv_env_OSSIE_CFLAGS_set=
ac_cv_env_OSSIE_CFLAGS_value=
ac_cv_env_OSSIE_LIBS_set=
ac_cv_env_OSSIE_LIBS_value=
ac_cv_env_PKG_CONFIG_set=
ac_cv_env_PKG_CONFIG_value=
ac_cv_env_PYTHON_set=
ac_cv_env_PYTHON_value=
ac_cv_env_build_alias_set=
ac_cv_env_build_alias_value=
ac_cv_env_bulkio_CFLAGS_set=
ac_cv_env_bulkio_CFLAGS_value=
ac_cv_env_bulkio_LIBS_set=
ac_cv_env_bulkio_LIBS_value=
ac_cv_env_host_alias_set=
ac_cv_env_host_alias_value=
ac_cv_env_target_alias_set=
ac_cv_env_target_alias_value=
ac_cv_path_PYTHON=/usr/bin/python
ac_cv_path_ac_pt_PKG_CONFIG=/usr/bin/pkg-config
ac_cv_path_install='/usr/bin/install -c'
ac_cv_path_mkdir=/usr/bin/mkdir
ac_cv_prog_AWK=gawk
ac_cv_prog_make_make_set=yes
ac_cv_pymod_bulkio=yes
ac_cv_pymod_omniORB=yes
ac_cv_pymod_ossie=yes
am_cv_make_support_nested_variables=yes
am_cv_pathless_PYTHON=python
am_cv_python_platform=linux2
am_cv_python_pyexecdir='${exec_prefix}lib64/python2.7/site-packages'
am_cv_python_pythondir='${prefix}lib/python2.7/site-packages'
am_cv_python_version=2.7
ossie_cv_ossie_home=/usr/local/redhawk/core
ossie_cv_sdr_root=/var/redhawk/sdr
pkg_cv_OMNIORB_CFLAGS='-D__x86_64__ -D__linux__ -D__OSVERSION__=2  '
pkg_cv_OMNIORB_LIBS='-lomniORB4 -lomnithread  '
pkg_cv_OSSIE_CFLAGS='-D__x86_64__ -D__linux__ -D__OSVERSION__=2 -DENABLE_EVENTS=1 -I/usr/local/redhawk/core/include -I/usr/local/redhawk/core/include/ossie -I/usr/local/redhawk/core/share/idl  '
pkg_cv_OSSIE_LIBS='-L/usr/local/redhawk/core/lib64 -lossiecf -lossieidl -lCOS4 -lomniDynamic4 -lomniORB4 -lomnithread  '
pkg_cv_bulkio_CFLAGS='-D__x86_64__ -D__linux__ -D__OSVERSION__=2 -DENABLE_EVENTS=1 -I/usr/local/redhawk/core/include/bulkio -I/usr/local/redhawk/core/include/ossie -I/usr/local/redhawk/core/include -I/usr/local/redhawk/core/share/idl  '
pkg_cv_bulkio_LIBS='-L/usr/local/redhawk/core/lib64 -lbulkio-2.2 -lbulkioInterfaces -lossiecf -lossieidl -lCOS4 -lomniDynamic4 -lomniORB4 -lomnithread  '

## ----------------- ##
## Output variables. ##
## ----------------- ##

ACLOCAL='${SHELL} /home/cyient/workspace/mult/python/missing aclocal-1.13'
AMTAR='$${TAR-tar}'
AM_BACKSLASH='\'
AM_DEFAULT_V='$(AM_DEFAULT_VERBOSITY)'
AM_DEFAULT_VERBOSITY='1'
AM_V='$(V)'
AUTOCONF='${SHELL} /home/cyient/workspace/mult/python/missing autoconf'
AUTOHEADER='${SHELL} /home/cyient/workspace/mult/python/missing autoheader'
AUTOMAKE='${SHELL} /home/cyient/workspace/mult/python/missing automake-1.13'
AWK='gawk'
CORBA_ORB='omniORB4'
CYGPATH_W='echo'
DEFS='-DPACKAGE_NAME=\"mult\" -DPACKAGE_TARNAME=\"mult\" -DPACKAGE_VERSION=\"1.0.0\" -DPACKAGE_STRING=\"mult\ 1.0.0\" -DPACKAGE_BUGREPORT=\"\" -DPACKAGE_URL=\"\" -DPACKAGE=\"mult\" -DVERSION=\"1.0.0\" -DHAVE_OMNIORB4=1'
ECHO_C=''
ECHO_N='-n'
ECHO_T=''
INSTALL_DATA='${INSTALL} -m 644'
INSTALL_PROGRAM='${INSTALL}'
INSTALL_SCRIPT='${INSTALL}'
INSTALL_STRIP_PROGRAM='$(install_sh) -c -s'
LIBOBJS=''
LIBS=''
LTLIBOBJS=''
MAKEINFO='${SHELL} /home/cyient/workspace/mult/python/missing makeinfo'
MKDIR_P='/usr/bin/mkdir -p'
OMNIORB_CFLAGS='-D__x86_64__ -D__linux__ -D__OSVERSION__=2  '
OMNIORB_LIBS='-lomniORB4 -lomnithread  '
OSSIE_CFLAGS='-D__x86_64__ -D__linux__ -D__OSVERSION__=2 -DENABLE_EVENTS=1 -I/usr/local/redhawk/core/include -I/usr/local/redhawk/core/include/ossie -I/usr/local/redhawk/core/share/idl  '
OSSIE_HOME='/usr/local/redhawk/core'
OSSIE_LIBS='-L/usr/local/redhawk/core/lib64 -lossiecf -lossieidl -lCOS4 -lomniDynamic4 -lomniORB4 -lomnithread  '
PACKAGE='mult'
PACKAGE_BUGREPORT=''
PACKAGE_NAME='mult'
PACKAGE_STRING='mult 1.0.0'
PACKAGE_TARNAME='mult'
PACKAGE_URL=''
PACKAGE_VERSION='1.0.0'
PATH_SEPARATOR=':'
PKG_CONFIG='/usr/bin/pkg-config'
PYTHON='/usr/bin/python'
PYTHON_EXEC_PREFIX='${exec_prefix}'
PYTHON_PLATFORM='linux2'
PYTHON_PREFIX='${prefix}'
PYTHON_VERSION='2.7'
SDR_ROOT='/var/redhawk/sdr'
SET_MAKE=''
SHELL='/bin/sh'
STRIP=''
VERSION='1.0.0'
am__isrc=''
am__leading_dot='.'
am__tar='$${TAR-tar} chof - "$$tardir"'
am__untar='$${TAR-tar} xf -'
bindir='${exec_prefix}/bin'
build_alias=''
bulkio_CFLAGS='-D__x86_64__ -D__linux__ -D__OSVERSION__=2 -DENABLE_EVENTS=1 -I/usr/local/redhawk/core/include/bulkio -I/usr/local/redhawk/core/include/ossie -I/usr/local/redhawk/core/include -I/usr/local/redhawk/core/share/idl  '
bulkio_LIBS='-L/usr/local/redhawk/core/lib64 -lbulkio-2.2 -lbulkioInterfaces -lossiecf -lossieidl -lCOS4 -lomniDynamic4 -lomniORB4 -lomnithread  '
datadir='${datarootdir}'
datarootdir='${prefix}/share'
docdir='${datarootdir}/doc/${PACKAGE_TARNAME}'
dvidir='${docdir}'
exec_prefix='${prefix}'
host_alias=''
htmldir='${docdir}'
includedir='${prefix}/include'
infodir='${datarootdir}/info'
install_sh='${SHELL} /home/cyient/workspace/mult/python/install-sh'
libdir='${exec_prefix}/lib'
libexecdir='${exec_prefix}/libexec'
localedir='${datarootdir}/locale'
localstatedir='${prefix}/var'
mandir='${datarootdir}/man'
mkdir_p='$(MKDIR_P)'
oldincludedir='/usr/include'
pdfdir='${docdir}'
pkgpyexecdir='${pyexecdir}/mult'
pkgpythondir='${pythondir}/mult'
prefix='/var/redhawk/sdr/'
program_transform_name='s,x,x,'
psdir='${docdir}'
pyexecdir='${exec_prefix}lib64/python2.7/site-packages'
pythondir='${prefix}lib/python2.7/site-packages'
sbindir='${exec_prefix}/sbin'
sharedstatedir='${prefix}/com'
sysconfdir='${prefix}/etc'
target_alias=''

## ----------- ##
## confdefs.h. ##
## ----------- ##

/* confdefs.h */
#define PACKAGE_NAME "mult"
#define PACKAGE_TARNAME "mult"
#define PACKAGE_VERSION "1.0.0"
#define PACKAGE_STRING "mult 1.0.0"
#define PACKAGE_BUGREPORT ""
#define PACKAGE_URL ""
#define PACKAGE "mult"
#define VERSION "1.0.0"
#define HAVE_OMNIORB4 1

configure: exit 0
